<?xml version="1.0" encoding="UTF-8"?>
<robot generator="Robot 4.1.1 (Python 3.8.10 on linux)" generated="20211004 10:04:25.447" rpa="false" schemaversion="2">
<suite id="s1" name="Locators" source="/home/chris/workspace/testing/amazon/Tests/Locators.robot">
<test id="s1-t1" name="Should be able to search for product">
<kw name="Open Browser" library="SeleniumLibrary">
<arg>https://amazon.com</arg>
<arg>ff</arg>
<doc>Opens a new browser instance to the optional ``url``.</doc>
<msg timestamp="20211004 10:04:25.555" level="INFO">Opening browser 'ff' to base url 'https://amazon.com'.</msg>
<msg timestamp="20211004 10:04:25.556" level="INFO">Firefox driver log is always forced to to: /home/chris/workspace/testing/amazon/Results/geckodriver-16.log</msg>
<status status="PASS" starttime="20211004 10:04:25.555" endtime="20211004 10:04:38.131"/>
</kw>
<kw name="Sleep" library="BuiltIn">
<arg>3s</arg>
<doc>Pauses the test executed for the given time.</doc>
<msg timestamp="20211004 10:04:41.133" level="INFO">Slept 3 seconds</msg>
<status status="PASS" starttime="20211004 10:04:38.132" endtime="20211004 10:04:41.133"/>
</kw>
<kw name="Input Text" library="SeleniumLibrary">
<arg>id=twotabsearchtextbox</arg>
<arg>Ferrari 458</arg>
<doc>Types the given ``text`` into the text field identified by ``locator``.</doc>
<msg timestamp="20211004 10:04:41.136" level="INFO">Typing text 'Ferrari 458' into text field 'id=twotabsearchtextbox'.</msg>
<status status="PASS" starttime="20211004 10:04:41.134" endtime="20211004 10:04:41.231"/>
</kw>
<kw name="Sleep" library="BuiltIn">
<arg>3s</arg>
<doc>Pauses the test executed for the given time.</doc>
<msg timestamp="20211004 10:04:44.232" level="INFO">Slept 3 seconds</msg>
<status status="PASS" starttime="20211004 10:04:41.231" endtime="20211004 10:04:44.232"/>
</kw>
<kw name="Click Button" library="SeleniumLibrary">
<arg>xpath=//*[@id="nav-search-submit-button"]</arg>
<doc>Clicks the button identified by ``locator``.</doc>
<msg timestamp="20211004 10:04:44.233" level="INFO">Clicking button 'xpath=//*[@id="nav-search-submit-button"]'.</msg>
<status status="PASS" starttime="20211004 10:04:44.232" endtime="20211004 10:04:48.589"/>
</kw>
<kw name="Sleep" library="BuiltIn">
<arg>3s</arg>
<doc>Pauses the test executed for the given time.</doc>
<msg timestamp="20211004 10:04:51.590" level="INFO">Slept 3 seconds</msg>
<status status="PASS" starttime="20211004 10:04:48.590" endtime="20211004 10:04:51.590"/>
</kw>
<kw name="Click Link" library="SeleniumLibrary">
<arg>xpath=//*[@id="search"]/div[1]/div[1]/div/span[3]/div[2]/div[3]/div/span/div/div/div/div/div[2]/div[1]/h2/a</arg>
<doc>Clicks a link identified by ``locator``.</doc>
<msg timestamp="20211004 10:04:51.591" level="INFO">Clicking link 'xpath=//*[@id="search"]/div[1]/div[1]/div/span[3]/div[2]/div[3]/div/span/div/div/div/div/div[2]/div[1]/h2/a'.</msg>
<status status="PASS" starttime="20211004 10:04:51.591" endtime="20211004 10:04:55.971"/>
</kw>
<kw name="Close Browser" library="SeleniumLibrary">
<doc>Closes the current browser.</doc>
<status status="PASS" starttime="20211004 10:04:55.971" endtime="20211004 10:04:56.520"/>
</kw>
<status status="PASS" starttime="20211004 10:04:25.554" endtime="20211004 10:04:56.520"/>
</test>
<doc>Using locators for testing UI elements</doc>
<status status="PASS" starttime="20211004 10:04:25.448" endtime="20211004 10:04:56.521"/>
</suite>
<statistics>
<total>
<stat pass="1" fail="0" skip="0">All Tests</stat>
</total>
<tag>
</tag>
<suite>
<stat pass="1" fail="0" skip="0" id="s1" name="Locators">Locators</stat>
</suite>
</statistics>
<errors>
</errors>
</robot>
