<?xml version="1.0" encoding="UTF-8"?>
<robot generator="Robot 4.1.1 (Python 3.8.10 on linux)" generated="20211003 21:06:50.695" rpa="false" schemaversion="2">
<suite id="s1" name="Amazon" source="/home/chris/workspace/testing/amazon/Tests/Amazon.robot">
<test id="s1-t1" name="User must sign in to check out">
<kw name="Open Browser" library="SeleniumLibrary">
<arg>https://amazon.com</arg>
<arg>ff</arg>
<doc>Opens a new browser instance to the optional ``url``.</doc>
<msg timestamp="20211003 21:06:50.809" level="INFO">Opening browser 'ff' to base url 'https://amazon.com'.</msg>
<msg timestamp="20211003 21:06:50.810" level="INFO">Firefox driver log is always forced to to: /home/chris/workspace/testing/amazon/Results/geckodriver-9.log</msg>
<status status="PASS" starttime="20211003 21:06:50.808" endtime="20211003 21:07:22.002"/>
</kw>
<kw name="Sleep" library="BuiltIn">
<arg>3s</arg>
<doc>Pauses the test executed for the given time.</doc>
<msg timestamp="20211003 21:07:25.004" level="INFO">Slept 3 seconds</msg>
<status status="PASS" starttime="20211003 21:07:22.003" endtime="20211003 21:07:25.004"/>
</kw>
<kw name="Close Browser" library="SeleniumLibrary">
<doc>Closes the current browser.</doc>
<status status="PASS" starttime="20211003 21:07:25.005" endtime="20211003 21:07:25.543"/>
</kw>
<doc>This is some basic info about the test</doc>
<tag>Smoke</tag>
<status status="PASS" starttime="20211003 21:06:50.806" endtime="20211003 21:07:25.544"/>
</test>
<doc>This is some basic info about the entire suite</doc>
<status status="PASS" starttime="20211003 21:06:50.696" endtime="20211003 21:07:25.548"/>
</suite>
<statistics>
<total>
<stat pass="1" fail="0" skip="0">All Tests</stat>
</total>
<tag>
<stat pass="1" fail="0" skip="0">Smoke</stat>
</tag>
<suite>
<stat pass="1" fail="0" skip="0" id="s1" name="Amazon">Amazon</stat>
</suite>
</statistics>
<errors>
</errors>
</robot>
